<?xml version="1.0" encoding="UTF-8"?>
<testng-results skipped="0" failed="1" ignored="0" total="1" passed="0">
  <reporter-output>
  </reporter-output>
  <suite name="Default suite" duration-ms="14103" started-at="2020-07-10T12:23:17 EDT" finished-at="2020-07-10T12:23:32 EDT">
    <groups>
    </groups>
    <test name="Default test" duration-ms="14103" started-at="2020-07-10T12:23:17 EDT" finished-at="2020-07-10T12:23:32 EDT">
      <class name="singin.AssertTest">
        <test-method status="PASS" signature="StartTime()[pri:0, instance:singin.AssertTest@7b49cea0]" name="StartTime" is-config="true" duration-ms="95" started-at="2020-07-10T12:23:17 EDT" finished-at="2020-07-10T12:23:17 EDT">
          <reporter-output>
          </reporter-output>
        </test-method> <!-- StartTime -->
        <test-method status="PASS" signature="beforeEachTest()[pri:0, instance:singin.AssertTest@7b49cea0]" name="beforeEachTest" is-config="true" duration-ms="13619" started-at="2020-07-10T12:23:18 EDT" finished-at="2020-07-10T12:23:31 EDT">
          <reporter-output>
          </reporter-output>
        </test-method> <!-- beforeEachTest -->
        <test-method status="FAIL" signature="assertionPrec()[pri:0, instance:singin.AssertTest@7b49cea0]" name="assertionPrec" duration-ms="79" started-at="2020-07-10T12:23:31 EDT" finished-at="2020-07-10T12:23:31 EDT">
          <exception class="java.lang.AssertionError">
            <message>
              <![CDATA[expected [TalentTek Cunsoltin] but found [Sign in]]]>
            </message>
            <full-stacktrace>
              <![CDATA[java.lang.AssertionError: expected [TalentTek Cunsoltin] but found [Sign in]
at org.testng.Assert.fail(Assert.java:97)
at org.testng.Assert.assertEqualsImpl(Assert.java:136)
at org.testng.Assert.assertEquals(Assert.java:118)
at org.testng.Assert.assertEquals(Assert.java:575)
at org.testng.Assert.assertEquals(Assert.java:585)
at singin.AssertTest.assertionPrec(AssertTest.java:21)
at sun.reflect.NativeMethodAccessorImpl.invoke0(Native Method)
at sun.reflect.NativeMethodAccessorImpl.invoke(Unknown Source)
at sun.reflect.DelegatingMethodAccessorImpl.invoke(Unknown Source)
at java.lang.reflect.Method.invoke(Unknown Source)
at org.testng.internal.MethodInvocationHelper.invokeMethod(MethodInvocationHelper.java:135)
at org.testng.internal.TestInvoker.invokeMethod(TestInvoker.java:598)
at org.testng.internal.TestInvoker.invokeTestMethod(TestInvoker.java:174)
at org.testng.internal.MethodRunner.runInSequence(MethodRunner.java:46)
at org.testng.internal.TestInvoker$MethodInvocationAgent.invoke(TestInvoker.java:821)
at org.testng.internal.TestInvoker.invokeTestMethods(TestInvoker.java:147)
at org.testng.internal.TestMethodWorker.invokeTestMethods(TestMethodWorker.java:146)
at org.testng.internal.TestMethodWorker.run(TestMethodWorker.java:128)
at java.util.ArrayList.forEach(Unknown Source)
at org.testng.TestRunner.privateRun(TestRunner.java:767)
at org.testng.TestRunner.run(TestRunner.java:588)
at org.testng.SuiteRunner.runTest(SuiteRunner.java:384)
at org.testng.SuiteRunner.runSequentially(SuiteRunner.java:378)
at org.testng.SuiteRunner.privateRun(SuiteRunner.java:337)
at org.testng.SuiteRunner.run(SuiteRunner.java:286)
at org.testng.SuiteRunnerWorker.runSuite(SuiteRunnerWorker.java:53)
at org.testng.SuiteRunnerWorker.run(SuiteRunnerWorker.java:96)
at org.testng.TestNG.runSuitesSequentially(TestNG.java:1214)
at org.testng.TestNG.runSuitesLocally(TestNG.java:1136)
at org.testng.TestNG.runSuites(TestNG.java:1066)
at org.testng.TestNG.run(TestNG.java:1034)
at org.testng.remote.AbstractRemoteTestNG.run(AbstractRemoteTestNG.java:115)
at org.testng.remote.RemoteTestNG.initAndRun(RemoteTestNG.java:251)
at org.testng.remote.RemoteTestNG.main(RemoteTestNG.java:77)
]]>
            </full-stacktrace>
          </exception> <!-- java.lang.AssertionError -->
          <reporter-output>
          </reporter-output>
        </test-method> <!-- assertionPrec -->
        <test-method status="PASS" signature="closeBrowersTest()[pri:0, instance:singin.AssertTest@7b49cea0]" name="closeBrowersTest" is-config="true" duration-ms="333" started-at="2020-07-10T12:23:31 EDT" finished-at="2020-07-10T12:23:32 EDT">
          <reporter-output>
          </reporter-output>
        </test-method> <!-- closeBrowersTest -->
        <test-method status="PASS" signature="QuiteBrowersTest()[pri:0, instance:singin.AssertTest@7b49cea0]" name="QuiteBrowersTest" is-config="true" duration-ms="1240" started-at="2020-07-10T12:23:32 EDT" finished-at="2020-07-10T12:23:33 EDT">
          <reporter-output>
          </reporter-output>
        </test-method> <!-- QuiteBrowersTest -->
      </class> <!-- singin.AssertTest -->
    </test> <!-- Default test -->
  </suite> <!-- Default suite -->
</testng-results>
